android/app/build/intermediates/manifest_merge_blame_file/debug/processDebugMainManifest/manifest-merger-blame-debug-report.txt
1<?xml version="1.0" encoding="utf-8"?>
2<manifest xmlns:android="http://schemas.android.com/apk/res/android"
3    package="com.asr.keyboard"
4    android:versionCode="1"
5    android:versionName="1.0" >
6
7    <uses-sdk
8        android:minSdkVersion="26"
9        android:targetSdkVersion="35" />
10
11    <uses-permission android:name="android.permission.RECORD_AUDIO" />
11-->src\main\AndroidManifest.xml:4:5-71
11-->src\main\AndroidManifest.xml:4:22-68
12    <uses-permission android:name="android.permission.INTERNET" />
12-->src\main\AndroidManifest.xml:5:5-67
12-->src\main\AndroidManifest.xml:5:22-64
13    <!-- Model downloads keep running if the user leaves the app -->
14    <uses-permission android:name="android.permission.FOREGROUND_SERVICE" />
14-->src\main\AndroidManifest.xml:7:5-77
14-->src\main\AndroidManifest.xml:7:22-74
15
16    <permission
16-->[androidx.core:core:1.13.1] AndroidManifest.xml:22:5-24:47
17        android:name="com.asr.keyboard.DYNAMIC_RECEIVER_NOT_EXPORTED_PERMISSION"
17-->[androidx.core:core:1.13.1] AndroidManifest.xml:23:9-81
18        android:protectionLevel="signature" />
18-->[androidx.core:core:1.13.1] AndroidManifest.xml:24:9-44
19
20    <uses-permission android:name="com.asr.keyboard.DYNAMIC_RECEIVER_NOT_EXPORTED_PERMISSION" />
20-->[androidx.core:core:1.13.1] AndroidManifest.xml:26:5-97
20-->[androidx.core:core:1.13.1] AndroidManifest.xml:26:22-94
21
22    <application
22-->src\main\AndroidManifest.xml:9:5-37:19
23        android:allowBackup="true"
23-->src\main\AndroidManifest.xml:12:9-35
24        android:appComponentFactory="androidx.core.app.CoreComponentFactory"
24-->[androidx.core:core:1.13.1] AndroidManifest.xml:28:18-86
25        android:debuggable="true"
26        android:extractNativeLibs="false"
27        android:label="@string/app_name"
27-->src\main\AndroidManifest.xml:10:9-41
28        android:theme="@style/Theme.AppCompat.DayNight" >
28-->src\main\AndroidManifest.xml:11:9-56
29
30        <!-- Setup / model download screen -->
31        <activity
31-->src\main\AndroidManifest.xml:15:9-22:20
32            android:name="com.asr.keyboard.MainActivity"
32-->src\main\AndroidManifest.xml:16:13-41
33            android:exported="true" >
33-->src\main\AndroidManifest.xml:17:13-36
34            <intent-filter>
34-->src\main\AndroidManifest.xml:18:13-21:29
35                <action android:name="android.intent.action.MAIN" />
35-->src\main\AndroidManifest.xml:19:17-69
35-->src\main\AndroidManifest.xml:19:25-66
36
37                <category android:name="android.intent.category.LAUNCHER" />
37-->src\main\AndroidManifest.xml:20:17-77
37-->src\main\AndroidManifest.xml:20:27-74
38            </intent-filter>
39        </activity>
40
41        <!-- The voice keyboard (Input Method) -->
42        <service
42-->src\main\AndroidManifest.xml:25:9-36:19
43            android:name="com.asr.keyboard.VoiceIme"
43-->src\main\AndroidManifest.xml:26:13-37
44            android:exported="true"
44-->src\main\AndroidManifest.xml:29:13-36
45            android:label="@string/ime_name"
45-->src\main\AndroidManifest.xml:27:13-45
46            android:permission="android.permission.BIND_INPUT_METHOD" >
46-->src\main\AndroidManifest.xml:28:13-70
47            <intent-filter>
47-->src\main\AndroidManifest.xml:30:13-32:29
48                <action android:name="android.view.InputMethod" />
48-->src\main\AndroidManifest.xml:31:17-67
48-->src\main\AndroidManifest.xml:31:25-64
49            </intent-filter>
50
51            <meta-data
51-->src\main\AndroidManifest.xml:33:13-35:50
52                android:name="android.view.im"
52-->src\main\AndroidManifest.xml:34:17-47
53                android:resource="@xml/method" />
53-->src\main\AndroidManifest.xml:35:17-47
54        </service>
55
56        <provider
56-->[androidx.emoji2:emoji2:1.3.0] AndroidManifest.xml:24:9-32:20
57            android:name="androidx.startup.InitializationProvider"
57-->[androidx.emoji2:emoji2:1.3.0] AndroidManifest.xml:25:13-67
58            android:authorities="com.asr.keyboard.androidx-startup"
58-->[androidx.emoji2:emoji2:1.3.0] AndroidManifest.xml:26:13-68
59            android:exported="false" >
59-->[androidx.emoji2:emoji2:1.3.0] AndroidManifest.xml:27:13-37
60            <meta-data
60-->[androidx.emoji2:emoji2:1.3.0] AndroidManifest.xml:29:13-31:52
61                android:name="androidx.emoji2.text.EmojiCompatInitializer"
61-->[androidx.emoji2:emoji2:1.3.0] AndroidManifest.xml:30:17-75
62                android:value="androidx.startup" />
62-->[androidx.emoji2:emoji2:1.3.0] AndroidManifest.xml:31:17-49
63            <meta-data
63-->[androidx.lifecycle:lifecycle-process:2.6.2] AndroidManifest.xml:29:13-31:52
64                android:name="androidx.lifecycle.ProcessLifecycleInitializer"
64-->[androidx.lifecycle:lifecycle-process:2.6.2] AndroidManifest.xml:30:17-78
65                android:value="androidx.startup" />
65-->[androidx.lifecycle:lifecycle-process:2.6.2] AndroidManifest.xml:31:17-49
66            <meta-data
66-->[androidx.profileinstaller:profileinstaller:1.3.1] AndroidManifest.xml:29:13-31:52
67                android:name="androidx.profileinstaller.ProfileInstallerInitializer"
67-->[androidx.profileinstaller:profileinstaller:1.3.1] AndroidManifest.xml:30:17-85
68                android:value="androidx.startup" />
68-->[androidx.profileinstaller:profileinstaller:1.3.1] AndroidManifest.xml:31:17-49
69        </provider>
70
71        <receiver
71-->[androidx.profileinstaller:profileinstaller:1.3.1] AndroidManifest.xml:34:9-52:20
72            android:name="androidx.profileinstaller.ProfileInstallReceiver"
72-->[androidx.profileinstaller:profileinstaller:1.3.1] AndroidManifest.xml:35:13-76
73            android:directBootAware="false"
73-->[androidx.profileinstaller:profileinstaller:1.3.1] AndroidManifest.xml:36:13-44
74            android:enabled="true"
74-->[androidx.profileinstaller:profileinstaller:1.3.1] AndroidManifest.xml:37:13-35
75            android:exported="true"
75-->[androidx.profileinstaller:profileinstaller:1.3.1] AndroidManifest.xml:38:13-36
76            android:permission="android.permission.DUMP" >
76-->[androidx.profileinstaller:profileinstaller:1.3.1] AndroidManifest.xml:39:13-57
77            <intent-filter>
77-->[androidx.profileinstaller:profileinstaller:1.3.1] AndroidManifest.xml:40:13-42:29
78                <action android:name="androidx.profileinstaller.action.INSTALL_PROFILE" />
78-->[androidx.profileinstaller:profileinstaller:1.3.1] AndroidManifest.xml:41:17-91
78-->[androidx.profileinstaller:profileinstaller:1.3.1] AndroidManifest.xml:41:25-88
79            </intent-filter>
80            <intent-filter>
80-->[androidx.profileinstaller:profileinstaller:1.3.1] AndroidManifest.xml:43:13-45:29
81                <action android:name="androidx.profileinstaller.action.SKIP_FILE" />
81-->[androidx.profileinstaller:profileinstaller:1.3.1] AndroidManifest.xml:44:17-85
81-->[androidx.profileinstaller:profileinstaller:1.3.1] AndroidManifest.xml:44:25-82
82            </intent-filter>
83            <intent-filter>
83-->[androidx.profileinstaller:profileinstaller:1.3.1] AndroidManifest.xml:46:13-48:29
84                <action android:name="androidx.profileinstaller.action.SAVE_PROFILE" />
84-->[androidx.profileinstaller:profileinstaller:1.3.1] AndroidManifest.xml:47:17-88
84-->[androidx.profileinstaller:profileinstaller:1.3.1] AndroidManifest.xml:47:25-85
85            </intent-filter>
86            <intent-filter>
86-->[androidx.profileinstaller:profileinstaller:1.3.1] AndroidManifest.xml:49:13-51:29
87                <action android:name="androidx.profileinstaller.action.BENCHMARK_OPERATION" />
87-->[androidx.profileinstaller:profileinstaller:1.3.1] AndroidManifest.xml:50:17-95
87-->[androidx.profileinstaller:profileinstaller:1.3.1] AndroidManifest.xml:50:25-92
88            </intent-filter>
89        </receiver>
90    </application>
91
92</manifest>